Using pre-set license
Built from '2020.3/staging' branch; Version is '2020.3.4f1 (0abb6314276a) revision 703331'; Using compiler version '192528614'; Build Type 'Release'
OS: 'Windows 10 Home; OS build 19041.928; Version 2004; 64bit' Language: 'en' Physical Memory: 16332 MB
BatchMode: 1, IsHumanControllingUs: 0, StartBugReporterOnCrash: 0, Is64bit: 1, IsPro: 0

 COMMAND LINE ARGUMENTS:
D:\OtherPrograms\Unity Editors\2020.3.4f1\Editor\Unity.exe
-adb2
-batchMode
-noUpm
-name
AssetImportWorker0
-projectPath
D:/Unity Projects/_Git/Project-TBG
-logFile
Logs/AssetImportWorker0.log
-srvPort
53113
Successfully changed project path to: D:/Unity Projects/_Git/Project-TBG
D:/Unity Projects/_Git/Project-TBG
Using Asset Import Pipeline V2.
Refreshing native plugins compatible for Editor in 42.10 ms, found 1 plugins.
Preloading 0 native plugins for Editor in 0.00 ms.
Initialize engine version: 2020.3.4f1 (0abb6314276a)
[Subsystems] Discovering subsystems at path D:/OtherPrograms/Unity Editors/2020.3.4f1/Editor/Data/Resources/UnitySubsystems
[Subsystems] Discovering subsystems at path D:/Unity Projects/_Git/Project-TBG/Assets
GfxDevice: creating device client; threaded=0
Direct3D:
    Version:  Direct3D 11.0 [level 11.1]
    Renderer: NVIDIA GeForce RTX 2070 SUPER (ID=0x1e84)
    Vendor:   
    VRAM:     8011 MB
    Driver:   27.21.14.6589
Initialize mono
Mono path[0] = 'D:/OtherPrograms/Unity Editors/2020.3.4f1/Editor/Data/Managed'
Mono path[1] = 'D:/OtherPrograms/Unity Editors/2020.3.4f1/Editor/Data/MonoBleedingEdge/lib/mono/unityjit'
Mono config path = 'D:/OtherPrograms/Unity Editors/2020.3.4f1/Editor/Data/MonoBleedingEdge/etc'
Using monoOptions --debugger-agent=transport=dt_socket,embedding=1,server=y,suspend=n,address=127.0.0.1:56904
Begin MonoManager ReloadAssembly
Registering precompiled unity dll's ...
Register platform support module: D:/OtherPrograms/Unity Editors/2020.3.4f1/Editor/Data/PlaybackEngines/WebGLSupport/UnityEditor.WebGL.Extensions.dll
Register platform support module: D:/OtherPrograms/Unity Editors/2020.3.4f1/Editor/Data/PlaybackEngines/WindowsStandaloneSupport/UnityEditor.WindowsStandalone.Extensions.dll
Registered in 0.001611 seconds.
Native extension for WindowsStandalone target not found
Native extension for WebGL target not found
Refreshing native plugins compatible for Editor in 43.15 ms, found 1 plugins.
Preloading 0 native plugins for Editor in 0.00 ms.
Mono: successfully reloaded assembly
- Completed reload, in  1.887 seconds
Platform modules already initialized, skipping
Registering precompiled user dll's ...
Registered in 0.000827 seconds.
Begin MonoManager ReloadAssembly
Native extension for WindowsStandalone target not found
Native extension for WebGL target not found
Refreshing native plugins compatible for Editor in 42.73 ms, found 1 plugins.
Preloading 0 native plugins for Editor in 0.00 ms.
Mono: successfully reloaded assembly
- Completed reload, in  1.090 seconds
Platform modules already initialized, skipping
========================================================================
Worker process is ready to serve import requests
Launched and connected shader compiler UnityShaderCompiler.exe after 0.05 seconds
Refreshing native plugins compatible for Editor in 0.73 ms, found 1 plugins.
Preloading 0 native plugins for Editor in 0.00 ms.
Unloading 1808 Unused Serialized files (Serialized files now loaded: 0)
System memory in use before: 84.8 MB.
System memory in use after: 84.8 MB.

Unloading 24 unused Assets to reduce memory usage. Loaded Objects now: 2250.
Total: 3.247500 ms (FindLiveObjects: 0.404200 ms CreateObjectMapping: 0.093300 ms MarkObjects: 2.566900 ms  DeleteObjects: 0.180900 ms)

========================================================================
Received Import Request.
  path: Assets/Scenes
  artifactKey: Guid(cd7a3e9451c932d49945d5698b92b449) Importer(815301076,1909f56bfc062723c751e8b465ee728b)
Start importing Assets/Scenes using Guid(cd7a3e9451c932d49945d5698b92b449) Importer(815301076,1909f56bfc062723c751e8b465ee728b)  -> (artifact id: '214a26e2568dc973d56e26d5ae04e2b5') in 0.038890 seconds
  Import took 0.042027 seconds .

========================================================================
Received Import Request.
  Time since last request: 13.681241 seconds.
  path: Assets/Scenes/Test.unity
  artifactKey: Guid(db5591619baab7e43985fdcb17664495) Importer(815301076,1909f56bfc062723c751e8b465ee728b)
Start importing Assets/Scenes/Test.unity using Guid(db5591619baab7e43985fdcb17664495) Importer(815301076,1909f56bfc062723c751e8b465ee728b)  -> (artifact id: 'a4f1311ceca6db4b9b01475390f4e232') in 0.014037 seconds
  Import took 0.017110 seconds .

========================================================================
Received Import Request.
  Time since last request: 5.262497 seconds.
  path: Assets/Scenes/TestScene.unity
  artifactKey: Guid(db5591619baab7e43985fdcb17664495) Importer(815301076,1909f56bfc062723c751e8b465ee728b)
Start importing Assets/Scenes/TestScene.unity using Guid(db5591619baab7e43985fdcb17664495) Importer(815301076,1909f56bfc062723c751e8b465ee728b)  -> (artifact id: '80c79ffe6f26563496ed0a58fef51aa7') in 0.008165 seconds
  Import took 0.011195 seconds .

AssetImportWorkerClient::OnTransportError - code=2 error=End of file
